Using pre-set license
Built from '2020.3/staging' branch; Version is '2020.3.6f1 (338bb68529b2) revision 3378102'; Using compiler version '192528614'; Build Type 'Release'
OS: 'Windows 10 Home; OS build 19042.1052; Version 2009; 64bit' Language: 'de' Physical Memory: 7906 MB
BatchMode: 1, IsHumanControllingUs: 0, StartBugReporterOnCrash: 0, Is64bit: 1, IsPro: 0

 COMMAND LINE ARGUMENTS:
C:\Program Files\Unity\Hub\Editor\2020.3.6f1\Editor\Unity.exe
-adb2
-batchMode
-noUpm
-name
AssetImportWorker0
-projectPath
C:/Users/pi030/Documents/Uni/Teamprojekt/GlobusProjekt
-logFile
Logs/AssetImportWorker0.log
-srvPort
54590
Successfully changed project path to: C:/Users/pi030/Documents/Uni/Teamprojekt/GlobusProjekt
C:/Users/pi030/Documents/Uni/Teamprojekt/GlobusProjekt
Using Asset Import Pipeline V2.
Refreshing native plugins compatible for Editor in 37.18 ms, found 0 plugins.
Preloading 0 native plugins for Editor in 0.00 ms.
Initialize engine version: 2020.3.6f1 (338bb68529b2)
[Subsystems] Discovering subsystems at path C:/Program Files/Unity/Hub/Editor/2020.3.6f1/Editor/Data/Resources/UnitySubsystems
[Subsystems] Discovering subsystems at path C:/Users/pi030/Documents/Uni/Teamprojekt/GlobusProjekt/Assets
GfxDevice: creating device client; threaded=0
Direct3D:
    Version:  Direct3D 11.0 [level 11.1]
    Renderer: Intel(R) UHD Graphics 620 (ID=0x3ea0)
    Vendor:   
    VRAM:     3953 MB
    Driver:   27.20.100.8681
Initialize mono
Mono path[0] = 'C:/Program Files/Unity/Hub/Editor/2020.3.6f1/Editor/Data/Managed'
Mono path[1] = 'C:/Program Files/Unity/Hub/Editor/2020.3.6f1/Editor/Data/MonoBleedingEdge/lib/mono/unityjit'
Mono config path = 'C:/Program Files/Unity/Hub/Editor/2020.3.6f1/Editor/Data/MonoBleedingEdge/etc'
Using monoOptions --debugger-agent=transport=dt_socket,embedding=1,server=y,suspend=n,address=127.0.0.1:56472
Begin MonoManager ReloadAssembly
Registering precompiled unity dll's ...
Register platform support module: C:/Program Files/Unity/Hub/Editor/2020.3.6f1/Editor/Data/PlaybackEngines/WebGLSupport/UnityEditor.WebGL.Extensions.dll
Register platform support module: C:/Program Files/Unity/Hub/Editor/2020.3.6f1/Editor/Data/PlaybackEngines/WindowsStandaloneSupport/UnityEditor.WindowsStandalone.Extensions.dll
Registered in 0.002357 seconds.
Native extension for WindowsStandalone target not found
Native extension for WebGL target not found
Refreshing native plugins compatible for Editor in 25.10 ms, found 0 plugins.
Preloading 0 native plugins for Editor in 0.00 ms.
Mono: successfully reloaded assembly
- Completed reload, in  1.206 seconds
Platform modules already initialized, skipping
Registering precompiled user dll's ...
Registered in 0.000615 seconds.
Begin MonoManager ReloadAssembly
Native extension for WindowsStandalone target not found
Native extension for WebGL target not found
Refreshing native plugins compatible for Editor in 0.20 ms, found 0 plugins.
Preloading 0 native plugins for Editor in 0.00 ms.
Mono: successfully reloaded assembly
- Completed reload, in  0.959 seconds
Platform modules already initialized, skipping
========================================================================
Worker process is ready to serve import requests
Launched and connected shader compiler UnityShaderCompiler.exe after 0.06 seconds
Refreshing native plugins compatible for Editor in 0.20 ms, found 0 plugins.
Preloading 0 native plugins for Editor in 0.00 ms.
Unloading 1115 Unused Serialized files (Serialized files now loaded: 0)
System memory in use before: 57.1 MB.
System memory in use after: 57.1 MB.

Unloading 10 unused Assets to reduce memory usage. Loaded Objects now: 1557.
Total: 3.579600 ms (FindLiveObjects: 0.194000 ms CreateObjectMapping: 0.117900 ms MarkObjects: 3.160900 ms  DeleteObjects: 0.104800 ms)

========================================================================
Received Import Request.
  path: Assets/Scenes
  artifactKey: Guid(a6550c878d4185b478f0c725744ae999) Importer(815301076,1909f56bfc062723c751e8b465ee728b)
Start importing Assets/Scenes using Guid(a6550c878d4185b478f0c725744ae999) Importer(815301076,1909f56bfc062723c751e8b465ee728b)  -> (artifact id: '0830c47832be2309c0eae165e6ea048d') in 0.011786 seconds
  Import took 0.014633 seconds .

========================================================================
Received Prepare
Registering precompiled user dll's ...
Registered in 0.000621 seconds.
Begin MonoManager ReloadAssembly
Native extension for WindowsStandalone target not found
Native extension for WebGL target not found
Refreshing native plugins compatible for Editor in 0.32 ms, found 0 plugins.
Preloading 0 native plugins for Editor in 0.00 ms.
Mono: successfully reloaded assembly
- Completed reload, in  0.910 seconds
Platform modules already initialized, skipping
Refreshing native plugins compatible for Editor in 0.20 ms, found 0 plugins.
Preloading 0 native plugins for Editor in 0.00 ms.
Unloading 1112 Unused Serialized files (Serialized files now loaded: 0)
System memory in use before: 57.2 MB.
System memory in use after: 57.2 MB.

Unloading 6 unused Assets to reduce memory usage. Loaded Objects now: 1561.
Total: 2.917900 ms (FindLiveObjects: 0.107700 ms CreateObjectMapping: 0.107600 ms MarkObjects: 2.615200 ms  DeleteObjects: 0.086000 ms)

========================================================================
Received Import Request.
  Time since last request: 33.326296 seconds.
  path: Assets/Scenes/GlobeTest.unity
  artifactKey: Guid(af7d1b91be754374dbc88f0c09d83831) Importer(815301076,1909f56bfc062723c751e8b465ee728b)
Start importing Assets/Scenes/GlobeTest.unity using Guid(af7d1b91be754374dbc88f0c09d83831) Importer(815301076,1909f56bfc062723c751e8b465ee728b)  -> (artifact id: 'ed32fa5a93964936dbb275bcc1c16540') in 0.033651 seconds
  Import took 0.045183 seconds .

========================================================================
Received Import Request.
  Time since last request: 0.001012 seconds.
  path: Assets/Scenes/GlobeTest.unity
  artifactKey: Guid(af7d1b91be754374dbc88f0c09d83831) Importer(815301076,1909f56bfc062723c751e8b465ee728b)
Start importing Assets/Scenes/GlobeTest.unity using Guid(af7d1b91be754374dbc88f0c09d83831) Importer(815301076,1909f56bfc062723c751e8b465ee728b)  -> (artifact id: 'ed32fa5a93964936dbb275bcc1c16540') in 0.007270 seconds
  Import took 0.012251 seconds .

========================================================================
Received Prepare
Registering precompiled user dll's ...
Registered in 0.000558 seconds.
Begin MonoManager ReloadAssembly
Native extension for WindowsStandalone target not found
Native extension for WebGL target not found
Refreshing native plugins compatible for Editor in 0.41 ms, found 0 plugins.
Preloading 0 native plugins for Editor in 0.00 ms.
Mono: successfully reloaded assembly
- Completed reload, in  0.852 seconds
Platform modules already initialized, skipping
Refreshing native plugins compatible for Editor in 0.19 ms, found 0 plugins.
Preloading 0 native plugins for Editor in 0.00 ms.
Unloading 1112 Unused Serialized files (Serialized files now loaded: 0)
System memory in use before: 57.2 MB.
System memory in use after: 57.3 MB.

Unloading 6 unused Assets to reduce memory usage. Loaded Objects now: 1564.
Total: 3.252000 ms (FindLiveObjects: 0.238100 ms CreateObjectMapping: 0.075000 ms MarkObjects: 2.856600 ms  DeleteObjects: 0.079500 ms)

========================================================================
Received Prepare
Registering precompiled user dll's ...
Registered in 0.000893 seconds.
Begin MonoManager ReloadAssembly
Native extension for WindowsStandalone target not found
Native extension for WebGL target not found
Refreshing native plugins compatible for Editor in 0.21 ms, found 0 plugins.
Preloading 0 native plugins for Editor in 0.00 ms.
Mono: successfully reloaded assembly
- Completed reload, in  0.924 seconds
Platform modules already initialized, skipping
Refreshing native plugins compatible for Editor in 0.19 ms, found 0 plugins.
Preloading 0 native plugins for Editor in 0.00 ms.
Unloading 1112 Unused Serialized files (Serialized files now loaded: 0)
System memory in use before: 57.2 MB.
System memory in use after: 57.3 MB.

Unloading 6 unused Assets to reduce memory usage. Loaded Objects now: 1567.
Total: 6.043800 ms (FindLiveObjects: 0.482200 ms CreateObjectMapping: 0.147700 ms MarkObjects: 5.206500 ms  DeleteObjects: 0.202300 ms)

========================================================================
Received Import Request.
  Time since last request: 1209.542966 seconds.
  path: Assets/Scenes/GlobeTest.unity
  artifactKey: Guid(af7d1b91be754374dbc88f0c09d83831) Importer(815301076,1909f56bfc062723c751e8b465ee728b)
Start importing Assets/Scenes/GlobeTest.unity using Guid(af7d1b91be754374dbc88f0c09d83831) Importer(815301076,1909f56bfc062723c751e8b465ee728b)  -> (artifact id: 'f958e2457d9a37214f1516cbc98f0687') in 0.023630 seconds
  Import took 0.026588 seconds .

========================================================================
Received Prepare
Registering precompiled user dll's ...
Registered in 0.000655 seconds.
Begin MonoManager ReloadAssembly
Native extension for WindowsStandalone target not found
Native extension for WebGL target not found
Refreshing native plugins compatible for Editor in 0.24 ms, found 0 plugins.
Preloading 0 native plugins for Editor in 0.00 ms.
Mono: successfully reloaded assembly
- Completed reload, in  0.875 seconds
Platform modules already initialized, skipping
Refreshing native plugins compatible for Editor in 0.28 ms, found 0 plugins.
Preloading 0 native plugins for Editor in 0.00 ms.
Unloading 1112 Unused Serialized files (Serialized files now loaded: 0)
System memory in use before: 57.2 MB.
System memory in use after: 57.3 MB.

Unloading 6 unused Assets to reduce memory usage. Loaded Objects now: 1570.
Total: 2.159700 ms (FindLiveObjects: 0.157800 ms CreateObjectMapping: 0.041400 ms MarkObjects: 1.839700 ms  DeleteObjects: 0.118900 ms)

========================================================================
Received Import Request.
  Time since last request: 566.636247 seconds.
  path: Assets/Tree.prefab
  artifactKey: Guid(247ad978589a19a48a6f876cef7e1651) Importer(815301076,1909f56bfc062723c751e8b465ee728b)
Start importing Assets/Tree.prefab using Guid(247ad978589a19a48a6f876cef7e1651) Importer(815301076,1909f56bfc062723c751e8b465ee728b)  -> (artifact id: '1784011443b440f653339a7606009c35') in 0.389010 seconds
  Import took 0.392769 seconds .

========================================================================
Received Import Request.
  Time since last request: 1.096703 seconds.
  path: Assets/Scripts
  artifactKey: Guid(9fc5f1b5f9c6e014c8bb46a0f7b0f6a4) Importer(815301076,1909f56bfc062723c751e8b465ee728b)
Start importing Assets/Scripts using Guid(9fc5f1b5f9c6e014c8bb46a0f7b0f6a4) Importer(815301076,1909f56bfc062723c751e8b465ee728b)  -> (artifact id: 'dad10903c1d374e201877b94937550fe') in 0.008687 seconds
  Import took 0.013402 seconds .

========================================================================
Received Import Request.
  Time since last request: 0.000673 seconds.
  path: Assets/Scripts
  artifactKey: Guid(9fc5f1b5f9c6e014c8bb46a0f7b0f6a4) Importer(815301076,1909f56bfc062723c751e8b465ee728b)
Start importing Assets/Scripts using Guid(9fc5f1b5f9c6e014c8bb46a0f7b0f6a4) Importer(815301076,1909f56bfc062723c751e8b465ee728b)  -> (artifact id: 'dad10903c1d374e201877b94937550fe') in 0.003393 seconds
  Import took 0.005913 seconds .

========================================================================
Received Prepare
Registering precompiled user dll's ...
Registered in 0.000739 seconds.
Begin MonoManager ReloadAssembly
Native extension for WindowsStandalone target not found
Native extension for WebGL target not found
Refreshing native plugins compatible for Editor in 0.20 ms, found 0 plugins.
Preloading 0 native plugins for Editor in 0.00 ms.
Mono: successfully reloaded assembly
- Completed reload, in  0.838 seconds
Platform modules already initialized, skipping
Refreshing native plugins compatible for Editor in 0.22 ms, found 0 plugins.
Preloading 0 native plugins for Editor in 0.00 ms.
Unloading 1112 Unused Serialized files (Serialized files now loaded: 0)
System memory in use before: 61.2 MB.
System memory in use after: 61.2 MB.

Unloading 6 unused Assets to reduce memory usage. Loaded Objects now: 1620.
Total: 4.567800 ms (FindLiveObjects: 0.407400 ms CreateObjectMapping: 0.130500 ms MarkObjects: 3.952500 ms  DeleteObjects: 0.075100 ms)

========================================================================
Received Prepare
Registering precompiled user dll's ...
Registered in 0.000583 seconds.
Begin MonoManager ReloadAssembly
Native extension for WindowsStandalone target not found
Native extension for WebGL target not found
Refreshing native plugins compatible for Editor in 0.21 ms, found 0 plugins.
Preloading 0 native plugins for Editor in 0.00 ms.
Mono: successfully reloaded assembly
- Completed reload, in  0.891 seconds
Platform modules already initialized, skipping
Refreshing native plugins compatible for Editor in 0.23 ms, found 0 plugins.
Preloading 0 native plugins for Editor in 0.00 ms.
Unloading 1112 Unused Serialized files (Serialized files now loaded: 0)
System memory in use before: 61.2 MB.
System memory in use after: 61.2 MB.

Unloading 6 unused Assets to reduce memory usage. Loaded Objects now: 1623.
Total: 3.291000 ms (FindLiveObjects: 0.204400 ms CreateObjectMapping: 0.075700 ms MarkObjects: 2.921600 ms  DeleteObjects: 0.087900 ms)

========================================================================
Received Import Request.
  Time since last request: 247.840333 seconds.
  path: Assets/Tree_Textures/diffuse.png
  artifactKey: Guid(1ef0f8d324b5f794a8154629441bdf0b) Importer(815301076,1909f56bfc062723c751e8b465ee728b)
Start importing Assets/Tree_Textures/diffuse.png using Guid(1ef0f8d324b5f794a8154629441bdf0b) Importer(815301076,1909f56bfc062723c751e8b465ee728b)  -> (artifact id: 'a1253341aa19f4fe080d4ac8e848327e') in 0.123905 seconds
  Import took 0.127239 seconds .

========================================================================
Received Import Request.
  Time since last request: 0.000312 seconds.
  path: Assets/Prefabs/lowpoly_earth.prefab
  artifactKey: Guid(1885272d02befb3429e46bfb5a828167) Importer(815301076,1909f56bfc062723c751e8b465ee728b)
Start importing Assets/Prefabs/lowpoly_earth.prefab using Guid(1885272d02befb3429e46bfb5a828167) Importer(815301076,1909f56bfc062723c751e8b465ee728b)  -> (artifact id: 'f0f51c098eee4585faa33ceeb538823b') in 0.065180 seconds
  Import took 0.068239 seconds .

========================================================================
Received Import Request.
  Time since last request: 0.000237 seconds.
  path: Assets/Tree_Textures/diffuse.png
  artifactKey: Guid(1ef0f8d324b5f794a8154629441bdf0b) Importer(815301076,1909f56bfc062723c751e8b465ee728b)
Start importing Assets/Tree_Textures/diffuse.png using Guid(1ef0f8d324b5f794a8154629441bdf0b) Importer(815301076,1909f56bfc062723c751e8b465ee728b)  -> (artifact id: 'a1253341aa19f4fe080d4ac8e848327e') in 0.007361 seconds
  Import took 0.010038 seconds .

========================================================================
Received Import Request.
  Time since last request: 0.000345 seconds.
  path: Assets/Models/lowpoly_earth.fbx
  artifactKey: Guid(00d595aac3b77e347a084ad71e3b7f2d) Importer(815301076,1909f56bfc062723c751e8b465ee728b)
Start importing Assets/Models/lowpoly_earth.fbx using Guid(00d595aac3b77e347a084ad71e3b7f2d) Importer(815301076,1909f56bfc062723c751e8b465ee728b)  -> (artifact id: '77e7b8318548de19743158603c79bfd2') in 0.077363 seconds
  Import took 0.081496 seconds .

========================================================================
Received Import Request.
  Time since last request: 0.000298 seconds.
  path: Assets/Models/Materials/Material.006.mat
  artifactKey: Guid(3d29de747c7e58e4eb9e741b5f7c43bc) Importer(815301076,1909f56bfc062723c751e8b465ee728b)
Start importing Assets/Models/Materials/Material.006.mat using Guid(3d29de747c7e58e4eb9e741b5f7c43bc) Importer(815301076,1909f56bfc062723c751e8b465ee728b)  -> (artifact id: 'ae1e36a644c1148918ca95d41f041d67') in 0.043380 seconds
  Import took 0.047530 seconds .

========================================================================
Received Import Request.
  Time since last request: 0.000328 seconds.
  path: Assets/Materials/Earth/Material_Earth.mat
  artifactKey: Guid(9a314f7db98c622419511903f3f24252) Importer(815301076,1909f56bfc062723c751e8b465ee728b)
Start importing Assets/Materials/Earth/Material_Earth.mat using Guid(9a314f7db98c622419511903f3f24252) Importer(815301076,1909f56bfc062723c751e8b465ee728b)  -> (artifact id: '53e66fef3daa4ba925ad1922f8417c5d') in 0.024670 seconds
  Import took 0.028040 seconds .

========================================================================
Received Import Request.
  Time since last request: 0.000259 seconds.
  path: Assets/Models/Materials/Material.006.mat
  artifactKey: Guid(3d29de747c7e58e4eb9e741b5f7c43bc) Importer(815301076,1909f56bfc062723c751e8b465ee728b)
Start importing Assets/Models/Materials/Material.006.mat using Guid(3d29de747c7e58e4eb9e741b5f7c43bc) Importer(815301076,1909f56bfc062723c751e8b465ee728b)  -> (artifact id: 'ae1e36a644c1148918ca95d41f041d67') in 0.014815 seconds
  Import took 0.017225 seconds .

========================================================================
Received Import Request.
  Time since last request: 0.000309 seconds.
  path: Assets/Materials/Earth/Material_Earth.mat
  artifactKey: Guid(9a314f7db98c622419511903f3f24252) Importer(815301076,1909f56bfc062723c751e8b465ee728b)
Start importing Assets/Materials/Earth/Material_Earth.mat using Guid(9a314f7db98c622419511903f3f24252) Importer(815301076,1909f56bfc062723c751e8b465ee728b)  -> (artifact id: '53e66fef3daa4ba925ad1922f8417c5d') in 0.021992 seconds
  Import took 0.024867 seconds .

========================================================================
Received Import Request.
  Time since last request: 1.196606 seconds.
  path: Assets/Materials/Earth/Material_Star.mat
  artifactKey: Guid(fdead8bec53edac46afb738f6cf62e3b) Importer(815301076,1909f56bfc062723c751e8b465ee728b)
Start importing Assets/Materials/Earth/Material_Star.mat using Guid(fdead8bec53edac46afb738f6cf62e3b) Importer(815301076,1909f56bfc062723c751e8b465ee728b)  -> (artifact id: 'a13e2860cc203abad3a6a89482436700') in 0.068054 seconds
  Import took 0.070960 seconds .

========================================================================
Received Import Request.
  Time since last request: 0.000348 seconds.
  path: Assets/Materials/Earth/Material_Water.mat
  artifactKey: Guid(9ad627dc231083a48a41eccbee2a877a) Importer(815301076,1909f56bfc062723c751e8b465ee728b)
Start importing Assets/Materials/Earth/Material_Water.mat using Guid(9ad627dc231083a48a41eccbee2a877a) Importer(815301076,1909f56bfc062723c751e8b465ee728b)  -> (artifact id: '721e644b4da212dbbe03bc28587b482f') in 0.020255 seconds
  Import took 0.024321 seconds .

========================================================================
Received Import Request.
  Time since last request: 0.000297 seconds.
  path: Assets/Materials/Earth/Material_Star.mat
  artifactKey: Guid(fdead8bec53edac46afb738f6cf62e3b) Importer(815301076,1909f56bfc062723c751e8b465ee728b)
Start importing Assets/Materials/Earth/Material_Star.mat using Guid(fdead8bec53edac46afb738f6cf62e3b) Importer(815301076,1909f56bfc062723c751e8b465ee728b)  -> (artifact id: 'a13e2860cc203abad3a6a89482436700') in 0.017999 seconds
  Import took 0.022932 seconds .

========================================================================
Received Import Request.
  Time since last request: 0.008928 seconds.
  path: Assets/Materials/Earth/Material_Water.mat
  artifactKey: Guid(9ad627dc231083a48a41eccbee2a877a) Importer(815301076,1909f56bfc062723c751e8b465ee728b)
Start importing Assets/Materials/Earth/Material_Water.mat using Guid(9ad627dc231083a48a41eccbee2a877a) Importer(815301076,1909f56bfc062723c751e8b465ee728b)  -> (artifact id: '721e644b4da212dbbe03bc28587b482f') in 0.020182 seconds
  Import took 0.024212 seconds .

========================================================================
Received Import Request.
  Time since last request: 26.236304 seconds.
  path: Assets/Scripts/EarthSpinScript.cs
  artifactKey: Guid(1d891d12ffa2537429709cadaf2b7063) Importer(815301076,1909f56bfc062723c751e8b465ee728b)
Start importing Assets/Scripts/EarthSpinScript.cs using Guid(1d891d12ffa2537429709cadaf2b7063) Importer(815301076,1909f56bfc062723c751e8b465ee728b)  -> (artifact id: '5ca9e3b645f421a0e2ac0deb70299c69') in 0.029023 seconds
  Import took 0.033167 seconds .

========================================================================
Received Import Request.
  Time since last request: 0.002182 seconds.
  path: Assets/Scripts/EarthSpinScript.cs
  artifactKey: Guid(1d891d12ffa2537429709cadaf2b7063) Importer(815301076,1909f56bfc062723c751e8b465ee728b)
Start importing Assets/Scripts/EarthSpinScript.cs using Guid(1d891d12ffa2537429709cadaf2b7063) Importer(815301076,1909f56bfc062723c751e8b465ee728b)  -> (artifact id: '5ca9e3b645f421a0e2ac0deb70299c69') in 0.009007 seconds
  Import took 0.013880 seconds .

========================================================================
Received Prepare
Registering precompiled user dll's ...
Registered in 0.000614 seconds.
Begin MonoManager ReloadAssembly
Native extension for WindowsStandalone target not found
Native extension for WebGL target not found
Refreshing native plugins compatible for Editor in 0.24 ms, found 0 plugins.
Preloading 0 native plugins for Editor in 0.00 ms.
Mono: successfully reloaded assembly
- Completed reload, in  0.958 seconds
Platform modules already initialized, skipping
Refreshing native plugins compatible for Editor in 0.19 ms, found 0 plugins.
Preloading 0 native plugins for Editor in 0.00 ms.
Unloading 1112 Unused Serialized files (Serialized files now loaded: 0)
System memory in use before: 61.2 MB.
System memory in use after: 61.3 MB.

Unloading 7 unused Assets to reduce memory usage. Loaded Objects now: 1630.
Total: 2.862800 ms (FindLiveObjects: 0.289300 ms CreateObjectMapping: 0.046900 ms MarkObjects: 2.425100 ms  DeleteObjects: 0.100300 ms)

========================================================================
Received Prepare
Registering precompiled user dll's ...
Registered in 0.000888 seconds.
Begin MonoManager ReloadAssembly
Native extension for WindowsStandalone target not found
Native extension for WebGL target not found
Refreshing native plugins compatible for Editor in 0.21 ms, found 0 plugins.
Preloading 0 native plugins for Editor in 0.00 ms.
Mono: successfully reloaded assembly
- Completed reload, in  1.452 seconds
Platform modules already initialized, skipping
Refreshing native plugins compatible for Editor in 0.22 ms, found 0 plugins.
Preloading 0 native plugins for Editor in 0.00 ms.
Unloading 1112 Unused Serialized files (Serialized files now loaded: 0)
System memory in use before: 61.3 MB.
System memory in use after: 61.3 MB.

Unloading 6 unused Assets to reduce memory usage. Loaded Objects now: 1633.
Total: 3.618000 ms (FindLiveObjects: 0.373900 ms CreateObjectMapping: 0.097600 ms MarkObjects: 3.020500 ms  DeleteObjects: 0.122400 ms)

========================================================================
Received Prepare
Registering precompiled user dll's ...
Registered in 0.000708 seconds.
Begin MonoManager ReloadAssembly
Native extension for WindowsStandalone target not found
Native extension for WebGL target not found
Refreshing native plugins compatible for Editor in 0.28 ms, found 0 plugins.
Preloading 0 native plugins for Editor in 0.00 ms.
Mono: successfully reloaded assembly
- Completed reload, in  0.778 seconds
Platform modules already initialized, skipping
Refreshing native plugins compatible for Editor in 0.33 ms, found 0 plugins.
Preloading 0 native plugins for Editor in 0.00 ms.
Unloading 1112 Unused Serialized files (Serialized files now loaded: 0)
System memory in use before: 61.3 MB.
System memory in use after: 61.3 MB.

Unloading 6 unused Assets to reduce memory usage. Loaded Objects now: 1636.
Total: 2.848800 ms (FindLiveObjects: 0.253800 ms CreateObjectMapping: 0.037400 ms MarkObjects: 2.463000 ms  DeleteObjects: 0.092500 ms)

AssetImportWorkerClient::OnTransportError - code=2 error=End of file
