Using pre-set license
Built from '2020.3/staging' branch; Version is '2020.3.6f1 (338bb68529b2) revision 3378102'; Using compiler version '192528614'; Build Type 'Release'
OS: 'Windows 10 Home; OS build 19042.1052; Version 2009; 64bit' Language: 'de' Physical Memory: 7906 MB
BatchMode: 1, IsHumanControllingUs: 0, StartBugReporterOnCrash: 0, Is64bit: 1, IsPro: 0

 COMMAND LINE ARGUMENTS:
C:\Program Files\Unity\Hub\Editor\2020.3.6f1\Editor\Unity.exe
-adb2
-batchMode
-noUpm
-name
AssetImportWorker0
-projectPath
C:/Users/pi030/Documents/Uni/Teamprojekt/GlobusProjekt
-logFile
Logs/AssetImportWorker0.log
-srvPort
54590
Successfully changed project path to: C:/Users/pi030/Documents/Uni/Teamprojekt/GlobusProjekt
C:/Users/pi030/Documents/Uni/Teamprojekt/GlobusProjekt
Using Asset Import Pipeline V2.
Refreshing native plugins compatible for Editor in 37.18 ms, found 0 plugins.
Preloading 0 native plugins for Editor in 0.00 ms.
Initialize engine version: 2020.3.6f1 (338bb68529b2)
[Subsystems] Discovering subsystems at path C:/Program Files/Unity/Hub/Editor/2020.3.6f1/Editor/Data/Resources/UnitySubsystems
[Subsystems] Discovering subsystems at path C:/Users/pi030/Documents/Uni/Teamprojekt/GlobusProjekt/Assets
GfxDevice: creating device client; threaded=0
Direct3D:
    Version:  Direct3D 11.0 [level 11.1]
    Renderer: Intel(R) UHD Graphics 620 (ID=0x3ea0)
    Vendor:   
    VRAM:     3953 MB
    Driver:   27.20.100.8681
Initialize mono
Mono path[0] = 'C:/Program Files/Unity/Hub/Editor/2020.3.6f1/Editor/Data/Managed'
Mono path[1] = 'C:/Program Files/Unity/Hub/Editor/2020.3.6f1/Editor/Data/MonoBleedingEdge/lib/mono/unityjit'
Mono config path = 'C:/Program Files/Unity/Hub/Editor/2020.3.6f1/Editor/Data/MonoBleedingEdge/etc'
Using monoOptions --debugger-agent=transport=dt_socket,embedding=1,server=y,suspend=n,address=127.0.0.1:56472
Begin MonoManager ReloadAssembly
Registering precompiled unity dll's ...
Register platform support module: C:/Program Files/Unity/Hub/Editor/2020.3.6f1/Editor/Data/PlaybackEngines/WebGLSupport/UnityEditor.WebGL.Extensions.dll
Register platform support module: C:/Program Files/Unity/Hub/Editor/2020.3.6f1/Editor/Data/PlaybackEngines/WindowsStandaloneSupport/UnityEditor.WindowsStandalone.Extensions.dll
Registered in 0.002357 seconds.
Native extension for WindowsStandalone target not found
Native extension for WebGL target not found
Refreshing native plugins compatible for Editor in 25.10 ms, found 0 plugins.
Preloading 0 native plugins for Editor in 0.00 ms.
Mono: successfully reloaded assembly
- Completed reload, in  1.206 seconds
Platform modules already initialized, skipping
Registering precompiled user dll's ...
Registered in 0.000615 seconds.
Begin MonoManager ReloadAssembly
Native extension for WindowsStandalone target not found
Native extension for WebGL target not found
Refreshing native plugins compatible for Editor in 0.20 ms, found 0 plugins.
Preloading 0 native plugins for Editor in 0.00 ms.
Mono: successfully reloaded assembly
- Completed reload, in  0.959 seconds
Platform modules already initialized, skipping
========================================================================
Worker process is ready to serve import requests
Launched and connected shader compiler UnityShaderCompiler.exe after 0.06 seconds
Refreshing native plugins compatible for Editor in 0.20 ms, found 0 plugins.
Preloading 0 native plugins for Editor in 0.00 ms.
Unloading 1115 Unused Serialized files (Serialized files now loaded: 0)
System memory in use before: 57.1 MB.
System memory in use after: 57.1 MB.

Unloading 10 unused Assets to reduce memory usage. Loaded Objects now: 1557.
Total: 3.579600 ms (FindLiveObjects: 0.194000 ms CreateObjectMapping: 0.117900 ms MarkObjects: 3.160900 ms  DeleteObjects: 0.104800 ms)

========================================================================
Received Import Request.
  path: Assets/Scenes
  artifactKey: Guid(a6550c878d4185b478f0c725744ae999) Importer(815301076,1909f56bfc062723c751e8b465ee728b)
Start importing Assets/Scenes using Guid(a6550c878d4185b478f0c725744ae999) Importer(815301076,1909f56bfc062723c751e8b465ee728b)  -> (artifact id: '0830c47832be2309c0eae165e6ea048d') in 0.011786 seconds
  Import took 0.014633 seconds .

========================================================================
Received Prepare
Registering precompiled user dll's ...
Registered in 0.000621 seconds.
Begin MonoManager ReloadAssembly
Native extension for WindowsStandalone target not found
Native extension for WebGL target not found
Refreshing native plugins compatible for Editor in 0.32 ms, found 0 plugins.
Preloading 0 native plugins for Editor in 0.00 ms.
Mono: successfully reloaded assembly
- Completed reload, in  0.910 seconds
Platform modules already initialized, skipping
Refreshing native plugins compatible for Editor in 0.20 ms, found 0 plugins.
Preloading 0 native plugins for Editor in 0.00 ms.
Unloading 1112 Unused Serialized files (Serialized files now loaded: 0)
System memory in use before: 57.2 MB.
System memory in use after: 57.2 MB.

Unloading 6 unused Assets to reduce memory usage. Loaded Objects now: 1561.
Total: 2.917900 ms (FindLiveObjects: 0.107700 ms CreateObjectMapping: 0.107600 ms MarkObjects: 2.615200 ms  DeleteObjects: 0.086000 ms)

========================================================================
Received Import Request.
  Time since last request: 33.326296 seconds.
  path: Assets/Scenes/GlobeTest.unity
  artifactKey: Guid(af7d1b91be754374dbc88f0c09d83831) Importer(815301076,1909f56bfc062723c751e8b465ee728b)
Start importing Assets/Scenes/GlobeTest.unity using Guid(af7d1b91be754374dbc88f0c09d83831) Importer(815301076,1909f56bfc062723c751e8b465ee728b)  -> (artifact id: 'ed32fa5a93964936dbb275bcc1c16540') in 0.033651 seconds
  Import took 0.045183 seconds .

========================================================================
Received Import Request.
  Time since last request: 0.001012 seconds.
  path: Assets/Scenes/GlobeTest.unity
  artifactKey: Guid(af7d1b91be754374dbc88f0c09d83831) Importer(815301076,1909f56bfc062723c751e8b465ee728b)
Start importing Assets/Scenes/GlobeTest.unity using Guid(af7d1b91be754374dbc88f0c09d83831) Importer(815301076,1909f56bfc062723c751e8b465ee728b)  -> (artifact id: 'ed32fa5a93964936dbb275bcc1c16540') in 0.007270 seconds
  Import took 0.012251 seconds .

========================================================================
Received Prepare
Registering precompiled user dll's ...
Registered in 0.000558 seconds.
Begin MonoManager ReloadAssembly
Native extension for WindowsStandalone target not found
Native extension for WebGL target not found
Refreshing native plugins compatible for Editor in 0.41 ms, found 0 plugins.
Preloading 0 native plugins for Editor in 0.00 ms.
Mono: successfully reloaded assembly
- Completed reload, in  0.852 seconds
Platform modules already initialized, skipping
Refreshing native plugins compatible for Editor in 0.19 ms, found 0 plugins.
Preloading 0 native plugins for Editor in 0.00 ms.
Unloading 1112 Unused Serialized files (Serialized files now loaded: 0)
System memory in use before: 57.2 MB.
System memory in use after: 57.3 MB.

Unloading 6 unused Assets to reduce memory usage. Loaded Objects now: 1564.
Total: 3.252000 ms (FindLiveObjects: 0.238100 ms CreateObjectMapping: 0.075000 ms MarkObjects: 2.856600 ms  DeleteObjects: 0.079500 ms)

========================================================================
Received Prepare
Registering precompiled user dll's ...
Registered in 0.000893 seconds.
Begin MonoManager ReloadAssembly
Native extension for WindowsStandalone target not found
Native extension for WebGL target not found
Refreshing native plugins compatible for Editor in 0.21 ms, found 0 plugins.
Preloading 0 native plugins for Editor in 0.00 ms.
Mono: successfully reloaded assembly
- Completed reload, in  0.924 seconds
Platform modules already initialized, skipping
Refreshing native plugins compatible for Editor in 0.19 ms, found 0 plugins.
Preloading 0 native plugins for Editor in 0.00 ms.
Unloading 1112 Unused Serialized files (Serialized files now loaded: 0)
System memory in use before: 57.2 MB.
System memory in use after: 57.3 MB.

Unloading 6 unused Assets to reduce memory usage. Loaded Objects now: 1567.
Total: 6.043800 ms (FindLiveObjects: 0.482200 ms CreateObjectMapping: 0.147700 ms MarkObjects: 5.206500 ms  DeleteObjects: 0.202300 ms)

